build/app/outputs/mapping/release/seeds.txt
com.medicare.medicare_v1_3.MainActivity
com.medicare.medicare_v1_3.MainActivity: MainActivity()
...
com.google.firestore.v1.StructuredQuery: com.google.protobuf.Internal$ProtobufList from_
com.google.firestore.v1.StructuredQuery: com.google.firestore.v1.Cursor startAt_
com.google.protobuf.Any: com.google.protobuf.ByteString value_
com.google.android.gms.internal.firebase-auth-api.zzhz: int zzf
com.google.firestore.v1.Value: int valueTypeCase_
io.flutter.embedding.engine.FlutterJNI: void addEngineLifecycleListener(io.flutter.embedding.engine.FlutterEngine$EngineLifecycleListener)
io.flutter.embedding.engine.FlutterJNI: io.flutter.view.FlutterCallbackInformation nativeLookupCallbackInformation(long)
io.flutter.view.AccessibilityViewEmbedder: void copyAccessibilityFields(android.view.accessibility.AccessibilityNodeInfo,android.view.accessibility.AccessibilityNodeInfo)
com.google.firestore.v1.Write: int UPDATE_FIELD_NUMBER
com.google.rpc.Status: com.google.rpc.Status DEFAULT_INSTANCE
io.flutter.view.AccessibilityBridge$Action: io.flutter.view.AccessibilityBridge$Action valueOf(java.lang.String)
com.google.firebase.auth.api.fallback.service.FirebaseAuthFallbackService: FirebaseAuthFallbackService()
com.google.android.gms.internal.firebase-auth-api.zzgu: com.google.android.gms.internal.firebase-auth-api.zzgu zzb
com.google.type.LatLng: double latitude_
com.google.firestore.v1.TargetChange: int RESUME_TOKEN_FIELD_NUMBER
com.google.firestore.v1.StructuredQuery$FieldFilter: int VALUE_FIELD_NUMBER
com.google.firestore.v1.StructuredQuery$CompositeFilter: com.google.firestore.v1.StructuredQuery$CompositeFilter DEFAULT_INSTANCE
com.google.firestore.v1.StructuredQuery$CompositeFilter: int op_
io.flutter.embedding.engine.FlutterJNI: long performNativeAttach(io.flutter.embedding.engine.FlutterJNI,boolean)
com.google.firestore.v1.DocumentChange
com.google.firestore.v1.Value$ValueTypeCase: com.google.firestore.v1.Value$ValueTypeCase[] values()
io.flutter.embedding.engine.FlutterJNI: void setAccessibilityFeatures(int)
io.flutter.plugin.platform.SingleViewPresentation: SingleViewPresentation(android.content.Context,android.view.Display,io.flutter.plugin.platform.PlatformViewFactory,io.flutter.plugin.platform.AccessibilityEventsDelegate,int,java.lang.Object,android.view.View$OnFocusChangeListener)
com.google.firebase.firestore.proto.WriteBatch: com.google.protobuf.Timestamp localWriteTime_
com.google.android.gms.internal.firebase-auth-api.zzim: java.lang.String zze
com.google.firestore.v1.StructuredQuery$CollectionSelector: com.google.protobuf.Parser PARSER
com.google.firestore.v1.DocumentDelete: int removedTargetIdsMemoizedSerializedSize
com.google.android.gms.internal.firebase-auth-api.zzid: com.google.android.gms.internal.firebase-auth-api.zzid[] values()
com.google.firebase.firestore.core.LimboDocumentChange$Type: com.google.firebase.firestore.core.LimboDocumentChange$Type[] values()
com.google.android.gms.internal.firebase-auth-api.zzzw: int zzd
com.google.rpc.Status: int DETAILS_FIELD_NUMBER
io.flutter.view.AccessibilityViewEmbedder: int nextFlutterId
com.google.firestore.v1.Target: com.google.firestore.v1.Target DEFAULT_INSTANCE
com.google.firestore.v1.StructuredQuery$UnaryFilter: int op_
com.google.android.gms.internal.firebase-auth-api.zzho: com.google.android.gms.internal.firebase-auth-api.zzyu zze
com.google.firestore.v1.TargetChange: com.google.firestore.v1.TargetChange DEFAULT_INSTANCE
io.flutter.view.AccessibilityViewEmbedder: android.view.View platformViewOfNode(int)
com.google.android.gms.internal.firebase-auth-api.zzij: java.lang.String zze
com.google.firestore.v1.Document: java.lang.String name_
com.google.firestore.v1.TransactionOptions$ReadOnly: java.lang.Object consistencySelector_
com.google.firestore.v1.DocumentRemove: int REMOVED_TARGET_IDS_FIELD_NUMBER
androidx.multidex.MultiDexApplication
android.support.v4.graphics.drawable.IconCompatParcelizer
com.google.android.gms.internal.firebase-auth-api.zzgj: int zzf
com.google.firestore.v1.DocumentChange: com.google.firestore.v1.Document document_