build/app/outputs/mapping/release/mapping.txt
# compiler: R8
# compiler_version: 2.1.62
# min_api: 16
# pg_map_id: b320065
# common_typos_disable
...
com.google.android.gms.internal.firebase-auth-api.zzkz -> b.a.a.a.e.d.rc:
    byte[] zza(byte[]) -> a
com.google.android.gms.internal.firebase-auth-api.zzl -> b.a.a.a.e.d.sc:
com.google.android.gms.internal.firebase-auth-api.zzla -> b.a.a.a.e.d.tc:
    byte[] zza(byte[],byte[]) -> a
    long zzb(byte[],int,int) -> b
    long zzc(byte[],int) -> c
    void zzd(byte[],long,int) -> d
com.google.android.gms.internal.firebase-auth-api.zzlb -> b.a.a.a.e.d.uc:
    byte[] zzb -> b
    javax.crypto.SecretKey zza -> a
    byte[] zzc -> c
    byte[] zza(byte[],int) -> a
    javax.crypto.Cipher zzb() -> b
com.google.android.gms.internal.firebase-auth-api.zzlc -> b.a.a.a.e.d.vc:
    com.google.android.gms.internal.firebase-auth-api.zzld zza -> a
    javax.crypto.Mac zza() -> a
com.google.android.gms.internal.firebase-auth-api.zzld -> b.a.a.a.e.d.wc:
    java.lang.ThreadLocal zza -> a
    java.security.Key zzc -> c
    int zzd -> d
    java.lang.String zzb -> b
    byte[] zza(byte[],int) -> a
    java.lang.String zzb(com.google.android.gms.internal.firebase-auth-api.zzld) -> b
    java.security.Key zzc(com.google.android.gms.internal.firebase-auth-api.zzld) -> c
com.google.android.gms.internal.firebase-auth-api.zzle -> b.a.a.a.e.d.xc:
    com.google.android.gms.internal.firebase-auth-api.zzek zza -> a
    int zzb -> b
    void zza(byte[],byte[]) -> a
com.google.android.gms.internal.firebase-auth-api.zzlf -> b.a.a.a.e.d.yc:
com.google.android.gms.internal.firebase-auth-api.zzlg -> b.a.a.a.e.d.zc:
    java.lang.ThreadLocal zza -> a
    byte[] zza(int) -> a
com.google.android.gms.internal.firebase-auth-api.zzlh -> b.a.a.a.e.d.ad:
    int zza() -> a
    boolean zzb() -> b
com.google.android.gms.internal.firebase-auth-api.zzli -> b.a.a.a.e.d.bd:
    java.lang.String zza(java.lang.String,java.lang.String) -> a
    void zzb(int) -> b
    void zzc(int,int) -> c
com.google.android.gms.internal.firebase-auth-api.zzlj -> b.a.a.a.e.d.cd:
    int zzb() -> b
    int[] zzc(int[],int) -> c
com.google.android.gms.internal.firebase-auth-api.zzlk -> b.a.a.a.e.d.dd:
    com.google.android.gms.internal.firebase-auth-api.zzkf zzc(byte[],int) -> c
com.google.android.gms.internal.firebase-auth-api.zzll -> b.a.a.a.e.d.ed:
com.google.android.gms.internal.firebase-auth-api.zzlm -> b.a.a.a.e.d.fd:
    java.lang.String zza -> c
    java.lang.String zzb -> d
    java.lang.String zza() -> a
    java.lang.String zzb() -> b0
com.google.android.gms.internal.firebase-auth-api.zzln -> b.a.a.a.e.d.gd:
com.google.android.gms.internal.firebase-auth-api.zzlo -> b.a.a.a.e.d.hd:
    java.lang.String zza -> c
    java.lang.String zzb -> d
    java.lang.String zza() -> a
    java.lang.String zzb() -> b0
com.google.android.gms.internal.firebase-auth-api.zzlp -> b.a.a.a.e.d.id:
com.google.android.gms.internal.firebase-auth-api.zzlq -> b.a.a.a.e.d.jd:
    java.lang.String zza -> c
    java.lang.String zzb -> d
    java.lang.String zza() -> a
    java.lang.String zzb() -> b0
com.google.android.gms.internal.firebase-auth-api.zzlr -> b.a.a.a.e.d.kd:
com.google.android.gms.internal.firebase-auth-api.zzls -> b.a.a.a.e.d.ld:
    java.lang.String zza -> c
    java.lang.String zzb -> d
    java.lang.String zza() -> a
    java.lang.String zzb() -> b0
com.google.android.gms.internal.firebase-auth-api.zzlt -> b.a.a.a.e.d.md:
com.google.android.gms.internal.firebase-auth-api.zzlu -> b.a.a.a.e.d.nd:
    java.lang.String zza -> c
    java.lang.String zzc -> e
    java.lang.String zzb -> d
    java.lang.String zza() -> a
    java.lang.String zzb() -> b0
    java.lang.String zzc() -> c0
com.google.android.gms.internal.firebase-auth-api.zzlv -> b.a.a.a.e.d.od:
com.google.android.gms.internal.firebase-auth-api.zzlw -> b.a.a.a.e.d.pd:
    java.lang.String zza -> c
    java.lang.String zzc -> e
    java.lang.String zzb -> d
    java.lang.String zza() -> a
    java.lang.String zzb() -> b0
    java.lang.String zzc() -> c0
com.google.android.gms.internal.firebase-auth-api.zzlx -> b.a.a.a.e.d.qd: