build/app/outputs/mapping/release/usage.txt
com.medicare.medicare_v1_3.BuildConfig
com.medicare.medicare_v1_3.R$styleable
com.medicare.medicare_v1_3.R$attr
com.medicare.medicare_v1_3.R$layout
com.medicare.medicare_v1_3.R$xml
com.medicare.medicare_v1_3.R$drawable
com.medicare.medicare_v1_3.R
com.medicare.medicare_v1_3.R$color
com.medicare.medicare_v1_3.R$mipmap
com.medicare.medicare_v1_3.R$style
com.medicare.medicare_v1_3.R$string
com.medicare.medicare_v1_3.R$dimen
com.medicare.medicare_v1_3.R$id
com.medicare.medicare_v1_3.R$integer
...
androidx.core.content.res.ResourcesCompat$FontCallback$2
com.google.common.collect.Iterators$MergingIterator$1
kotlin.js.JsName
com.google.common.graph.MultiEdgesConnecting$1
com.google.common.cache.LongAddables$PureJavaLongAddable
com.google.firebase.database.collection.R$string
com.google.gson.internal.bind.TimeTypeAdapter
com.google.android.gms.signin.internal.zag:
    public final void zam(int)
    public final void zaa(com.google.android.gms.common.internal.IAccountAccessor,int,boolean)
com.google.protobuf.Int64ValueOrBuilder
androidx.core.view.ViewPropertyAnimatorCompat$ViewPropertyAnimatorListenerApi14
androidx.activity.R$integer
javax.annotation.meta.Exclusive
com.squareup.okhttp.ConnectionPool
com.google.common.base.Throwables:
    private void <init>()
    public static void throwIfInstanceOf(java.lang.Throwable,java.lang.Class)
    public static void propagateIfInstanceOf(java.lang.Throwable,java.lang.Class)
    public static void propagateIfPossible(java.lang.Throwable)
    public static void propagateIfPossible(java.lang.Throwable,java.lang.Class)
    public static void propagateIfPossible(java.lang.Throwable,java.lang.Class,java.lang.Class)
    public static java.lang.RuntimeException propagate(java.lang.Throwable)
    public static java.lang.Throwable getRootCause(java.lang.Throwable)
    public static java.util.List getCausalChain(java.lang.Throwable)
    public static java.lang.Throwable getCauseAs(java.lang.Throwable,java.lang.Class)
    public static java.util.List lazyStackTrace(java.lang.Throwable)
    public static boolean lazyStackTraceIsLazy()
    private static java.util.List jlaStackTrace(java.lang.Throwable)
    private static varargs java.lang.Object invokeAccessibleNonThrowingMethod(java.lang.reflect.Method,java.lang.Object,java.lang.Object[])
    static synthetic java.lang.reflect.Method access$000()
    static synthetic java.lang.Object access$100()
    static synthetic java.lang.Object access$200(java.lang.reflect.Method,java.lang.Object,java.lang.Object[])
    static synthetic java.lang.reflect.Method access$300()
    private static final java.lang.String JAVA_LANG_ACCESS_CLASSNAME
    static final java.lang.String SHARED_SECRETS_CLASSNAME
com.google.protobuf.DescriptorProtos$DescriptorProto$ReservedRange$Builder
com.google.common.collect.AbstractBiMap$1
com.google.firestore.v1.StructuredQuery$FilterOrBuilder
com.google.api.LogProto
com.google.android.gms.internal.firebase-auth-api.zzgk:
    static void <clinit>()
    static final synthetic int[] zza
io.flutter.plugins.imagepicker.R$string
kotlin.coroutines.experimental.SafeContinuation$Fail